INFO:sim:172 - Generating IP...
Resolving generics for 'KeypointRAM'...
Applying external generics to 'KeypointRAM'...
Delivering associated files for 'KeypointRAM'...
Delivering EJava files for 'KeypointRAM'...
Generating implementation netlist for 'KeypointRAM'...
INFO:sim - Pre-processing HDL files for 'KeypointRAM'...
Running synthesis for 'KeypointRAM'
Running ngcbuild...
Writing VEO instantiation template for 'KeypointRAM'...
Writing Verilog behavioral simulation model for 'KeypointRAM'...
WARNING:sim - Overwriting existing file
   C:/Xilinx/ISE_Workspace/SIFT_100MHz/ipcore_dir/tmp/_cg/KeypointRAM/doc/blk_me
   m_gen_v7_3_vinfo.html with file from view xilinx_documentation
Delivered 1 file into directory
C:/Xilinx/ISE_Workspace/SIFT_100MHz/ipcore_dir/tmp/_cg/KeypointRAM
Generating ASY schematic symbol...
INFO:sim:949 - Finished generation of ASY schematic symbol.
Generating SYM schematic symbol for 'KeypointRAM'...
Generating metadata file...
Generating ISE project file for 'KeypointRAM'...
Generating ISE project...
XCO file found: KeypointRAM.xco
XMDF file found: KeypointRAM_xmdf.tcl
Adding C:/Xilinx/ISE_Workspace/SIFT_100MHz/ipcore_dir/tmp/_cg/KeypointRAM.asy
-view all -origin_type imported
Adding C:/Xilinx/ISE_Workspace/SIFT_100MHz/ipcore_dir/tmp/_cg/KeypointRAM.ngc
-view all -origin_type created
Checking file
"C:/Xilinx/ISE_Workspace/SIFT_100MHz/ipcore_dir/tmp/_cg/KeypointRAM.ngc" for
project device match ...
File "C:/Xilinx/ISE_Workspace/SIFT_100MHz/ipcore_dir/tmp/_cg/KeypointRAM.ngc"
device information matches project device.
Adding C:/Xilinx/ISE_Workspace/SIFT_100MHz/ipcore_dir/tmp/_cg/KeypointRAM.sym
-view all -origin_type imported
Adding C:/Xilinx/ISE_Workspace/SIFT_100MHz/ipcore_dir/tmp/_cg/KeypointRAM.v
-view all -origin_type created
INFO:HDLCompiler:1845 - Analyzing Verilog file
   "C:/Xilinx/ISE_Workspace/SIFT_100MHz/ipcore_dir/tmp/_cg/KeypointRAM.v" into
   library work
INFO:ProjectMgmt - Parsing design hierarchy completed successfully.
Adding C:/Xilinx/ISE_Workspace/SIFT_100MHz/ipcore_dir/tmp/_cg/KeypointRAM.veo
-view all -origin_type imported
INFO:TclTasksC:2116 - The automatic calculation of top has been turned-off.
   Please set the new top explicitly by running the "project set top" command.
   To re-calculate the new top automatically, set the "Auto Implementation Top"
   property to true.
Top level has been set to "/KeypointRAM"
Generating README file...
Generating FLIST file...
INFO:sim:948 - Finished FLIST file generation.
Launching README viewer...
Moving files to output directory...
Finished moving files to output directory
Wrote CGP file for project 'KeypointRAM'.
